2022-06-08 18:05:25.342 [main] INFO  Application - Starting Application on KS-BJB-074 with PID 32936 (D:\project\ks-reptile\ks-reptile-domain\target\classes started by Sarovane in D:\project\ks-reptile)
2022-06-08 18:05:25.344 [main] INFO  Application - No active profile set, falling back to default profiles: default
2022-06-08 18:06:46.605 [main] INFO  Application - Starting Application on KS-BJB-074 with PID 34080 (D:\project\ks-reptile\ks-reptile-domain\target\classes started by Sarovane in D:\project\ks-reptile)
2022-06-08 18:06:46.607 [main] INFO  Application - No active profile set, falling back to default profiles: default
2022-06-08 18:06:47.383 [main] INFO  o.s.c.s.PostProcessorRegistrationDelegate$BeanPostProcessorChecker - Bean 'org.springframework.transaction.annotation.ProxyTransactionManagementConfiguration' of type [org.springframework.transaction.annotation.ProxyTransactionManagementConfiguration$$EnhancerBySpringCGLIB$$749ed153] is not eligible for getting processed by all BeanPostProcessors (for example: not eligible for auto-proxying)
2022-06-08 18:06:47.642 [main] INFO  o.s.boot.web.embedded.tomcat.TomcatWebServer - Tomcat initialized with port(s): 8088 (http)
2022-06-08 18:06:47.652 [main] INFO  org.apache.coyote.http11.Http11NioProtocol - Initializing ProtocolHandler ["http-nio-8088"]
2022-06-08 18:06:47.658 [main] INFO  org.apache.catalina.core.StandardService - Starting service [Tomcat]
2022-06-08 18:06:47.658 [main] INFO  org.apache.catalina.core.StandardEngine - Starting Servlet engine: [Apache Tomcat/9.0.19]
2022-06-08 18:06:47.738 [main] INFO  o.a.c.core.ContainerBase.[Tomcat].[localhost].[/] - Initializing Spring embedded WebApplicationContext
2022-06-08 18:06:47.738 [main] INFO  org.springframework.web.context.ContextLoader - Root WebApplicationContext: initialization completed in 1093 ms
2022-06-08 18:06:48.123 [main] INFO  o.s.scheduling.concurrent.ThreadPoolTaskExecutor - Initializing ExecutorService 'applicationTaskExecutor'
2022-06-08 18:06:48.226 [main] INFO  t.mybatis.mapper.autoconfigure.MapperCacheDisabler - Clear tk.mybatis.mapper.util.MsUtil CLASS_CACHE cache.
2022-06-08 18:06:48.226 [main] INFO  t.mybatis.mapper.autoconfigure.MapperCacheDisabler - Clear tk.mybatis.mapper.genid.GenIdUtil CACHE cache.
2022-06-08 18:06:48.227 [main] INFO  t.mybatis.mapper.autoconfigure.MapperCacheDisabler - Clear tk.mybatis.mapper.version.VersionUtil CACHE cache.
2022-06-08 18:06:48.228 [main] INFO  t.mybatis.mapper.autoconfigure.MapperCacheDisabler - Clear EntityHelper entityTableMap cache.
2022-06-08 18:06:48.343 [main] INFO  s.d.s.web.plugins.DocumentationPluginsBootstrapper - Context refreshed
2022-06-08 18:06:48.355 [main] INFO  s.d.s.web.plugins.DocumentationPluginsBootstrapper - Found 1 custom documentation plugin(s)
2022-06-08 18:06:48.362 [main] INFO  s.d.spring.web.scanners.ApiListingReferenceScanner - Scanning for api listing references
2022-06-08 18:06:48.372 [main] INFO  org.apache.coyote.http11.Http11NioProtocol - Starting ProtocolHandler ["http-nio-8088"]
2022-06-08 18:06:48.386 [main] INFO  o.s.boot.web.embedded.tomcat.TomcatWebServer - Tomcat started on port(s): 8088 (http) with context path ''
2022-06-08 18:06:48.388 [main] INFO  Application - Started Application in 2.059 seconds (JVM running for 2.826)
2022-06-08 18:07:10.479 [http-nio-8088-exec-2] INFO  o.a.c.core.ContainerBase.[Tomcat].[localhost].[/] - Initializing Spring DispatcherServlet 'dispatcherServlet'
2022-06-08 18:07:10.479 [http-nio-8088-exec-2] INFO  org.springframework.web.servlet.DispatcherServlet - Initializing Servlet 'dispatcherServlet'
2022-06-08 18:07:10.485 [http-nio-8088-exec-2] INFO  org.springframework.web.servlet.DispatcherServlet - Completed initialization in 6 ms
