2022-06-13 10:36:16.835 [main] ERROR o.s.b.diagnostics.LoggingFailureAnalysisReporter - 

***************************
APPLICATION FAILED TO START
***************************

Description:

Parameter 0 of constructor in com.ihealthink.reptile.api.AnalysisController required a bean of type 'com.ihealthink.reptile.service.AnalysisService' that could not be found.


Action:

Consider defining a bean of type 'com.ihealthink.reptile.service.AnalysisService' in your configuration.

2022-06-13 10:37:22.409 [main] ERROR o.s.b.diagnostics.LoggingFailureAnalysisReporter - 

***************************
APPLICATION FAILED TO START
***************************

Description:

Parameter 0 of constructor in com.ihealthink.reptile.api.AnalysisController required a bean of type 'com.ihealthink.reptile.service.AnalysisService' that could not be found.


Action:

Consider defining a bean of type 'com.ihealthink.reptile.service.AnalysisService' in your configuration.

2022-06-13 10:41:26.682 [main] ERROR o.s.b.diagnostics.LoggingFailureAnalysisReporter - 

***************************
APPLICATION FAILED TO START
***************************

Description:

Parameter 0 of constructor in com.ihealthink.reptile.api.AnalysisController required a bean of type 'com.ihealthink.reptile.service.AnalysisService' that could not be found.


Action:

Consider defining a bean of type 'com.ihealthink.reptile.service.AnalysisService' in your configuration.

2022-06-13 16:41:38.328 [http-nio-8088-exec-1] ERROR c.itextpdf.html2pdf.css.resolve.DefaultCssResolver - Unable to process external css file
java.io.FileNotFoundException: D:\project\ks-reptile\Styles\bigdata.css (系统找不到指定的路径。)
	at java.io.FileInputStream.open0(Native Method)
	at java.io.FileInputStream.open(FileInputStream.java:195)
	at java.io.FileInputStream.<init>(FileInputStream.java:138)
	at java.io.FileInputStream.<init>(FileInputStream.java:93)
	at sun.net.www.protocol.file.FileURLConnection.connect(FileURLConnection.java:90)
	at sun.net.www.protocol.file.FileURLConnection.getInputStream(FileURLConnection.java:188)
	at java.net.URL.openStream(URL.java:1092)
	at com.itextpdf.html2pdf.resolver.resource.ResourceResolver.retrieveStyleSheet(ResourceResolver.java:146)
	at com.itextpdf.html2pdf.css.resolve.DefaultCssResolver.collectCssDeclarations(DefaultCssResolver.java:319)
	at com.itextpdf.html2pdf.css.resolve.DefaultCssResolver.<init>(DefaultCssResolver.java:137)
	at com.itextpdf.html2pdf.attach.impl.DefaultHtmlProcessor.processDocument(DefaultHtmlProcessor.java:265)
	at com.itextpdf.html2pdf.attach.Attacher.attach(Attacher.java:78)
	at com.itextpdf.html2pdf.HtmlConverter.convertToDocument(HtmlConverter.java:370)
	at com.itextpdf.html2pdf.HtmlConverter.convertToPdf(HtmlConverter.java:148)
	at com.itextpdf.html2pdf.HtmlConverter.convertToPdf(HtmlConverter.java:135)
	at com.itextpdf.html2pdf.HtmlConverter.convertToPdf(HtmlConverter.java:110)
	at com.itextpdf.html2pdf.HtmlConverter.convertToPdf(HtmlConverter.java:97)
	at com.ihealthink.reptile.service.impl.AnalysisServiceImpl.analysisReport(AnalysisServiceImpl.java:37)
	at com.ihealthink.reptile.api.AnalysisController.analysisReport(AnalysisController.java:38)
	at sun.reflect.NativeMethodAccessorImpl.invoke0(Native Method)
	at sun.reflect.NativeMethodAccessorImpl.invoke(NativeMethodAccessorImpl.java:62)
	at sun.reflect.DelegatingMethodAccessorImpl.invoke(DelegatingMethodAccessorImpl.java:43)
	at java.lang.reflect.Method.invoke(Method.java:498)
	at org.springframework.web.method.support.InvocableHandlerMethod.doInvoke(InvocableHandlerMethod.java:190)
	at org.springframework.web.method.support.InvocableHandlerMethod.invokeForRequest(InvocableHandlerMethod.java:138)
	at org.springframework.web.servlet.mvc.method.annotation.ServletInvocableHandlerMethod.invokeAndHandle(ServletInvocableHandlerMethod.java:104)
	at org.springframework.web.servlet.mvc.method.annotation.RequestMappingHandlerAdapter.invokeHandlerMethod(RequestMappingHandlerAdapter.java:892)
	at org.springframework.web.servlet.mvc.method.annotation.RequestMappingHandlerAdapter.handleInternal(RequestMappingHandlerAdapter.java:797)
	at org.springframework.web.servlet.mvc.method.AbstractHandlerMethodAdapter.handle(AbstractHandlerMethodAdapter.java:87)
	at org.springframework.web.servlet.DispatcherServlet.doDispatch(DispatcherServlet.java:1039)
	at org.springframework.web.servlet.DispatcherServlet.doService(DispatcherServlet.java:942)
	at org.springframework.web.servlet.FrameworkServlet.processRequest(FrameworkServlet.java:1005)
	at org.springframework.web.servlet.FrameworkServlet.doPost(FrameworkServlet.java:908)
	at javax.servlet.http.HttpServlet.service(HttpServlet.java:660)
	at org.springframework.web.servlet.FrameworkServlet.service(FrameworkServlet.java:882)
	at javax.servlet.http.HttpServlet.service(HttpServlet.java:741)
	at org.apache.catalina.core.ApplicationFilterChain.internalDoFilter(ApplicationFilterChain.java:231)
	at org.apache.catalina.core.ApplicationFilterChain.doFilter(ApplicationFilterChain.java:166)
	at org.apache.tomcat.websocket.server.WsFilter.doFilter(WsFilter.java:53)
	at org.apache.catalina.core.ApplicationFilterChain.internalDoFilter(ApplicationFilterChain.java:193)
	at org.apache.catalina.core.ApplicationFilterChain.doFilter(ApplicationFilterChain.java:166)
	at org.springframework.web.filter.RequestContextFilter.doFilterInternal(RequestContextFilter.java:99)
	at org.springframework.web.filter.OncePerRequestFilter.doFilter(OncePerRequestFilter.java:107)
	at org.apache.catalina.core.ApplicationFilterChain.internalDoFilter(ApplicationFilterChain.java:193)
	at org.apache.catalina.core.ApplicationFilterChain.doFilter(ApplicationFilterChain.java:166)
	at org.springframework.web.filter.FormContentFilter.doFilterInternal(FormContentFilter.java:92)
	at org.springframework.web.filter.OncePerRequestFilter.doFilter(OncePerRequestFilter.java:107)
	at org.apache.catalina.core.ApplicationFilterChain.internalDoFilter(ApplicationFilterChain.java:193)
	at org.apache.catalina.core.ApplicationFilterChain.doFilter(ApplicationFilterChain.java:166)
	at org.springframework.web.filter.HiddenHttpMethodFilter.doFilterInternal(HiddenHttpMethodFilter.java:93)
	at org.springframework.web.filter.OncePerRequestFilter.doFilter(OncePerRequestFilter.java:107)
	at org.apache.catalina.core.ApplicationFilterChain.internalDoFilter(ApplicationFilterChain.java:193)
	at org.apache.catalina.core.ApplicationFilterChain.doFilter(ApplicationFilterChain.java:166)
	at org.springframework.web.filter.CharacterEncodingFilter.doFilterInternal(CharacterEncodingFilter.java:200)
	at org.springframework.web.filter.OncePerRequestFilter.doFilter(OncePerRequestFilter.java:107)
	at org.apache.catalina.core.ApplicationFilterChain.internalDoFilter(ApplicationFilterChain.java:193)
	at org.apache.catalina.core.ApplicationFilterChain.doFilter(ApplicationFilterChain.java:166)
	at org.apache.catalina.core.StandardWrapperValve.invoke(StandardWrapperValve.java:200)
	at org.apache.catalina.core.StandardContextValve.invoke(StandardContextValve.java:96)
	at org.apache.catalina.authenticator.AuthenticatorBase.invoke(AuthenticatorBase.java:490)
	at org.apache.catalina.core.StandardHostValve.invoke(StandardHostValve.java:139)
	at org.apache.catalina.valves.ErrorReportValve.invoke(ErrorReportValve.java:92)
	at org.apache.catalina.core.StandardEngineValve.invoke(StandardEngineValve.java:74)
	at org.apache.catalina.connector.CoyoteAdapter.service(CoyoteAdapter.java:343)
	at org.apache.coyote.http11.Http11Processor.service(Http11Processor.java:408)
	at org.apache.coyote.AbstractProcessorLight.process(AbstractProcessorLight.java:66)
	at org.apache.coyote.AbstractProtocol$ConnectionHandler.process(AbstractProtocol.java:836)
	at org.apache.tomcat.util.net.NioEndpoint$SocketProcessor.doRun(NioEndpoint.java:1747)
	at org.apache.tomcat.util.net.SocketProcessorBase.run(SocketProcessorBase.java:49)
	at java.util.concurrent.ThreadPoolExecutor.runWorker(ThreadPoolExecutor.java:1149)
	at java.util.concurrent.ThreadPoolExecutor$Worker.run(ThreadPoolExecutor.java:624)
	at org.apache.tomcat.util.threads.TaskThread$WrappingRunnable.run(TaskThread.java:61)
	at java.lang.Thread.run(Thread.java:750)
2022-06-13 16:41:38.332 [http-nio-8088-exec-1] ERROR c.itextpdf.html2pdf.css.resolve.DefaultCssResolver - Unable to process external css file
java.io.FileNotFoundException: D:\project\ks-reptile\css\survey.css (系统找不到指定的路径。)
	at java.io.FileInputStream.open0(Native Method)
	at java.io.FileInputStream.open(FileInputStream.java:195)
	at java.io.FileInputStream.<init>(FileInputStream.java:138)
	at java.io.FileInputStream.<init>(FileInputStream.java:93)
	at sun.net.www.protocol.file.FileURLConnection.connect(FileURLConnection.java:90)
	at sun.net.www.protocol.file.FileURLConnection.getInputStream(FileURLConnection.java:188)
	at java.net.URL.openStream(URL.java:1092)
	at com.itextpdf.html2pdf.resolver.resource.ResourceResolver.retrieveStyleSheet(ResourceResolver.java:146)
	at com.itextpdf.html2pdf.css.resolve.DefaultCssResolver.collectCssDeclarations(DefaultCssResolver.java:319)
	at com.itextpdf.html2pdf.css.resolve.DefaultCssResolver.<init>(DefaultCssResolver.java:137)
	at com.itextpdf.html2pdf.attach.impl.DefaultHtmlProcessor.processDocument(DefaultHtmlProcessor.java:265)
	at com.itextpdf.html2pdf.attach.Attacher.attach(Attacher.java:78)
	at com.itextpdf.html2pdf.HtmlConverter.convertToDocument(HtmlConverter.java:370)
	at com.itextpdf.html2pdf.HtmlConverter.convertToPdf(HtmlConverter.java:148)
	at com.itextpdf.html2pdf.HtmlConverter.convertToPdf(HtmlConverter.java:135)
	at com.itextpdf.html2pdf.HtmlConverter.convertToPdf(HtmlConverter.java:110)
	at com.itextpdf.html2pdf.HtmlConverter.convertToPdf(HtmlConverter.java:97)
	at com.ihealthink.reptile.service.impl.AnalysisServiceImpl.analysisReport(AnalysisServiceImpl.java:37)
	at com.ihealthink.reptile.api.AnalysisController.analysisReport(AnalysisController.java:38)
	at sun.reflect.NativeMethodAccessorImpl.invoke0(Native Method)
	at sun.reflect.NativeMethodAccessorImpl.invoke(NativeMethodAccessorImpl.java:62)
	at sun.reflect.DelegatingMethodAccessorImpl.invoke(DelegatingMethodAccessorImpl.java:43)
	at java.lang.reflect.Method.invoke(Method.java:498)
	at org.springframework.web.method.support.InvocableHandlerMethod.doInvoke(InvocableHandlerMethod.java:190)
	at org.springframework.web.method.support.InvocableHandlerMethod.invokeForRequest(InvocableHandlerMethod.java:138)
	at org.springframework.web.servlet.mvc.method.annotation.ServletInvocableHandlerMethod.invokeAndHandle(ServletInvocableHandlerMethod.java:104)
	at org.springframework.web.servlet.mvc.method.annotation.RequestMappingHandlerAdapter.invokeHandlerMethod(RequestMappingHandlerAdapter.java:892)
	at org.springframework.web.servlet.mvc.method.annotation.RequestMappingHandlerAdapter.handleInternal(RequestMappingHandlerAdapter.java:797)
	at org.springframework.web.servlet.mvc.method.AbstractHandlerMethodAdapter.handle(AbstractHandlerMethodAdapter.java:87)
	at org.springframework.web.servlet.DispatcherServlet.doDispatch(DispatcherServlet.java:1039)
	at org.springframework.web.servlet.DispatcherServlet.doService(DispatcherServlet.java:942)
	at org.springframework.web.servlet.FrameworkServlet.processRequest(FrameworkServlet.java:1005)
	at org.springframework.web.servlet.FrameworkServlet.doPost(FrameworkServlet.java:908)
	at javax.servlet.http.HttpServlet.service(HttpServlet.java:660)
	at org.springframework.web.servlet.FrameworkServlet.service(FrameworkServlet.java:882)
	at javax.servlet.http.HttpServlet.service(HttpServlet.java:741)
	at org.apache.catalina.core.ApplicationFilterChain.internalDoFilter(ApplicationFilterChain.java:231)
	at org.apache.catalina.core.ApplicationFilterChain.doFilter(ApplicationFilterChain.java:166)
	at org.apache.tomcat.websocket.server.WsFilter.doFilter(WsFilter.java:53)
	at org.apache.catalina.core.ApplicationFilterChain.internalDoFilter(ApplicationFilterChain.java:193)
	at org.apache.catalina.core.ApplicationFilterChain.doFilter(ApplicationFilterChain.java:166)
	at org.springframework.web.filter.RequestContextFilter.doFilterInternal(RequestContextFilter.java:99)
	at org.springframework.web.filter.OncePerRequestFilter.doFilter(OncePerRequestFilter.java:107)
	at org.apache.catalina.core.ApplicationFilterChain.internalDoFilter(ApplicationFilterChain.java:193)
	at org.apache.catalina.core.ApplicationFilterChain.doFilter(ApplicationFilterChain.java:166)
	at org.springframework.web.filter.FormContentFilter.doFilterInternal(FormContentFilter.java:92)
	at org.springframework.web.filter.OncePerRequestFilter.doFilter(OncePerRequestFilter.java:107)
	at org.apache.catalina.core.ApplicationFilterChain.internalDoFilter(ApplicationFilterChain.java:193)
	at org.apache.catalina.core.ApplicationFilterChain.doFilter(ApplicationFilterChain.java:166)
	at org.springframework.web.filter.HiddenHttpMethodFilter.doFilterInternal(HiddenHttpMethodFilter.java:93)
	at org.springframework.web.filter.OncePerRequestFilter.doFilter(OncePerRequestFilter.java:107)
	at org.apache.catalina.core.ApplicationFilterChain.internalDoFilter(ApplicationFilterChain.java:193)
	at org.apache.catalina.core.ApplicationFilterChain.doFilter(ApplicationFilterChain.java:166)
	at org.springframework.web.filter.CharacterEncodingFilter.doFilterInternal(CharacterEncodingFilter.java:200)
	at org.springframework.web.filter.OncePerRequestFilter.doFilter(OncePerRequestFilter.java:107)
	at org.apache.catalina.core.ApplicationFilterChain.internalDoFilter(ApplicationFilterChain.java:193)
	at org.apache.catalina.core.ApplicationFilterChain.doFilter(ApplicationFilterChain.java:166)
	at org.apache.catalina.core.StandardWrapperValve.invoke(StandardWrapperValve.java:200)
	at org.apache.catalina.core.StandardContextValve.invoke(StandardContextValve.java:96)
	at org.apache.catalina.authenticator.AuthenticatorBase.invoke(AuthenticatorBase.java:490)
	at org.apache.catalina.core.StandardHostValve.invoke(StandardHostValve.java:139)
	at org.apache.catalina.valves.ErrorReportValve.invoke(ErrorReportValve.java:92)
	at org.apache.catalina.core.StandardEngineValve.invoke(StandardEngineValve.java:74)
	at org.apache.catalina.connector.CoyoteAdapter.service(CoyoteAdapter.java:343)
	at org.apache.coyote.http11.Http11Processor.service(Http11Processor.java:408)
	at org.apache.coyote.AbstractProcessorLight.process(AbstractProcessorLight.java:66)
	at org.apache.coyote.AbstractProtocol$ConnectionHandler.process(AbstractProtocol.java:836)
	at org.apache.tomcat.util.net.NioEndpoint$SocketProcessor.doRun(NioEndpoint.java:1747)
	at org.apache.tomcat.util.net.SocketProcessorBase.run(SocketProcessorBase.java:49)
	at java.util.concurrent.ThreadPoolExecutor.runWorker(ThreadPoolExecutor.java:1149)
	at java.util.concurrent.ThreadPoolExecutor$Worker.run(ThreadPoolExecutor.java:624)
	at org.apache.tomcat.util.threads.TaskThread$WrappingRunnable.run(TaskThread.java:61)
	at java.lang.Thread.run(Thread.java:750)
2022-06-13 16:41:38.855 [http-nio-8088-exec-1] ERROR c.i.html2pdf.attach.impl.DefaultHtmlProcessor - No worker found for tag script
2022-06-13 16:41:38.858 [http-nio-8088-exec-1] ERROR c.i.html2pdf.attach.impl.DefaultHtmlProcessor - No worker found for tag script
2022-06-13 16:41:38.862 [http-nio-8088-exec-1] ERROR c.i.html2pdf.attach.impl.DefaultHtmlProcessor - No worker found for tag script
2022-06-13 16:41:38.909 [http-nio-8088-exec-1] ERROR c.i.html2pdf.attach.impl.tags.InputTagWorker - Input type hidden is not supported
2022-06-13 16:41:38.912 [http-nio-8088-exec-1] ERROR c.i.html2pdf.attach.impl.DefaultHtmlProcessor - Worker of type com.itextpdf.html2pdf.attach.impl.tags.DivTagWorker unable to process com.itextpdf.html2pdf.attach.impl.tags.InputTagWorker
2022-06-13 16:41:38.917 [http-nio-8088-exec-1] ERROR c.i.html2pdf.attach.impl.tags.InputTagWorker - Input type hidden is not supported
2022-06-13 16:41:38.920 [http-nio-8088-exec-1] ERROR c.i.html2pdf.attach.impl.DefaultHtmlProcessor - Worker of type com.itextpdf.html2pdf.attach.impl.tags.DivTagWorker unable to process com.itextpdf.html2pdf.attach.impl.tags.InputTagWorker
2022-06-13 16:41:38.926 [http-nio-8088-exec-1] ERROR c.i.html2pdf.attach.impl.tags.InputTagWorker - Input type hidden is not supported
2022-06-13 16:41:38.928 [http-nio-8088-exec-1] ERROR c.i.html2pdf.attach.impl.DefaultHtmlProcessor - Worker of type com.itextpdf.html2pdf.attach.impl.tags.DivTagWorker unable to process com.itextpdf.html2pdf.attach.impl.tags.InputTagWorker
2022-06-13 16:41:39.360 [http-nio-8088-exec-1] ERROR c.i.html2pdf.attach.impl.DefaultHtmlProcessor - Worker of type com.itextpdf.html2pdf.attach.impl.tags.TdTagWorker unable to process com.itextpdf.html2pdf.attach.impl.tags.ImgTagWorker
2022-06-13 16:41:39.379 [http-nio-8088-exec-1] ERROR c.i.html2pdf.attach.impl.DefaultHtmlProcessor - Worker of type com.itextpdf.html2pdf.attach.impl.tags.TdTagWorker unable to process com.itextpdf.html2pdf.attach.impl.tags.ImgTagWorker
2022-06-13 16:41:39.392 [http-nio-8088-exec-1] ERROR c.i.html2pdf.attach.impl.DefaultHtmlProcessor - Worker of type com.itextpdf.html2pdf.attach.impl.tags.TdTagWorker unable to process com.itextpdf.html2pdf.attach.impl.tags.ImgTagWorker
2022-06-13 16:41:39.412 [http-nio-8088-exec-1] ERROR c.i.html2pdf.attach.impl.DefaultHtmlProcessor - Worker of type com.itextpdf.html2pdf.attach.impl.tags.TdTagWorker unable to process com.itextpdf.html2pdf.attach.impl.tags.ImgTagWorker
2022-06-13 16:41:39.440 [http-nio-8088-exec-1] ERROR c.i.html2pdf.attach.impl.DefaultHtmlProcessor - Worker of type com.itextpdf.html2pdf.attach.impl.tags.TdTagWorker unable to process com.itextpdf.html2pdf.attach.impl.tags.ImgTagWorker
2022-06-13 16:41:39.468 [http-nio-8088-exec-1] ERROR c.i.html2pdf.attach.impl.DefaultHtmlProcessor - Worker of type com.itextpdf.html2pdf.attach.impl.tags.TdTagWorker unable to process com.itextpdf.html2pdf.attach.impl.tags.ImgTagWorker
2022-06-13 16:41:39.567 [http-nio-8088-exec-1] ERROR c.i.html2pdf.attach.impl.DefaultHtmlProcessor - Worker of type com.itextpdf.html2pdf.attach.impl.tags.TdTagWorker unable to process com.itextpdf.html2pdf.attach.impl.tags.ImgTagWorker
2022-06-13 16:41:39.579 [http-nio-8088-exec-1] ERROR c.i.html2pdf.attach.impl.DefaultHtmlProcessor - Worker of type com.itextpdf.html2pdf.attach.impl.tags.TdTagWorker unable to process com.itextpdf.html2pdf.attach.impl.tags.ImgTagWorker
2022-06-13 16:41:39.590 [http-nio-8088-exec-1] ERROR c.i.html2pdf.attach.impl.DefaultHtmlProcessor - Worker of type com.itextpdf.html2pdf.attach.impl.tags.TdTagWorker unable to process com.itextpdf.html2pdf.attach.impl.tags.ImgTagWorker
2022-06-13 16:41:39.641 [http-nio-8088-exec-1] ERROR c.i.html2pdf.attach.impl.DefaultHtmlProcessor - Worker of type com.itextpdf.html2pdf.attach.impl.tags.TdTagWorker unable to process com.itextpdf.html2pdf.attach.impl.tags.ImgTagWorker
2022-06-13 16:41:39.653 [http-nio-8088-exec-1] ERROR c.i.html2pdf.attach.impl.DefaultHtmlProcessor - Worker of type com.itextpdf.html2pdf.attach.impl.tags.TdTagWorker unable to process com.itextpdf.html2pdf.attach.impl.tags.ImgTagWorker
2022-06-13 16:41:39.681 [http-nio-8088-exec-1] ERROR c.i.html2pdf.attach.impl.DefaultHtmlProcessor - Worker of type com.itextpdf.html2pdf.attach.impl.tags.TdTagWorker unable to process com.itextpdf.html2pdf.attach.impl.tags.ImgTagWorker
2022-06-13 16:41:48.952 [http-nio-8088-exec-1] ERROR c.i.html2pdf.attach.impl.tags.InputTagWorker - Input type hidden is not supported
2022-06-13 16:41:48.955 [http-nio-8088-exec-1] ERROR c.i.html2pdf.attach.impl.DefaultHtmlProcessor - Worker of type com.itextpdf.html2pdf.attach.impl.tags.DivTagWorker unable to process com.itextpdf.html2pdf.attach.impl.tags.InputTagWorker
2022-06-13 16:41:48.961 [http-nio-8088-exec-1] ERROR c.i.html2pdf.attach.impl.tags.InputTagWorker - Input type hidden is not supported
2022-06-13 16:41:48.963 [http-nio-8088-exec-1] ERROR c.i.html2pdf.attach.impl.DefaultHtmlProcessor - Worker of type com.itextpdf.html2pdf.attach.impl.tags.DivTagWorker unable to process com.itextpdf.html2pdf.attach.impl.tags.InputTagWorker
2022-06-13 16:41:48.969 [http-nio-8088-exec-1] ERROR c.i.html2pdf.attach.impl.tags.InputTagWorker - Input type hidden is not supported
2022-06-13 16:41:48.971 [http-nio-8088-exec-1] ERROR c.i.html2pdf.attach.impl.DefaultHtmlProcessor - Worker of type com.itextpdf.html2pdf.attach.impl.tags.DivTagWorker unable to process com.itextpdf.html2pdf.attach.impl.tags.InputTagWorker
2022-06-13 16:41:48.977 [http-nio-8088-exec-1] ERROR c.i.html2pdf.attach.impl.tags.InputTagWorker - Input type hidden is not supported
2022-06-13 16:41:48.980 [http-nio-8088-exec-1] ERROR c.i.html2pdf.attach.impl.DefaultHtmlProcessor - Worker of type com.itextpdf.html2pdf.attach.impl.tags.DivTagWorker unable to process com.itextpdf.html2pdf.attach.impl.tags.InputTagWorker
2022-06-13 16:41:48.985 [http-nio-8088-exec-1] ERROR c.i.html2pdf.attach.impl.tags.InputTagWorker - Input type hidden is not supported
2022-06-13 16:41:48.988 [http-nio-8088-exec-1] ERROR c.i.html2pdf.attach.impl.DefaultHtmlProcessor - Worker of type com.itextpdf.html2pdf.attach.impl.tags.DivTagWorker unable to process com.itextpdf.html2pdf.attach.impl.tags.InputTagWorker
2022-06-13 16:41:49.058 [http-nio-8088-exec-1] ERROR c.i.html2pdf.attach.impl.DefaultHtmlProcessor - No worker found for tag script
