2022-06-13 10:36:15.937 [main] WARN  tk.mybatis.spring.mapper.ClassPathMapperScanner - No MyBatis mapper was found in '[com.ihealthink.reptile.mapper]' package. Please check your configuration.
2022-06-13 10:36:16.047 [main] WARN  tk.mybatis.spring.mapper.ClassPathMapperScanner - No MyBatis mapper was found in '[com.ihealthink.reptile]' package. Please check your configuration.
2022-06-13 10:36:16.129 [main] WARN  org.mybatis.spring.mapper.ClassPathMapperScanner - No MyBatis mapper was found in '[com.ihealthink.reptile]' package. Please check your configuration.
2022-06-13 10:36:16.725 [main] WARN  o.s.b.w.s.c.AnnotationConfigServletWebServerApplicationContext - Exception encountered during context initialization - cancelling refresh attempt: org.springframework.beans.factory.UnsatisfiedDependencyException: Error creating bean with name 'analysisController' defined in file [D:\project\ks-reptile\ks-reptile-webapi\target\classes\com\ihealthink\reotile\api\AnalysisController.class]: Unsatisfied dependency expressed through constructor parameter 0; nested exception is org.springframework.beans.factory.NoSuchBeanDefinitionException: No qualifying bean of type 'com.ihealthink.reptile.service.AnalysisService' available: expected at least 1 bean which qualifies as autowire candidate. Dependency annotations: {}
2022-06-13 10:37:21.566 [main] WARN  tk.mybatis.spring.mapper.ClassPathMapperScanner - No MyBatis mapper was found in '[com.ihealthink.reptile.mapper]' package. Please check your configuration.
2022-06-13 10:37:21.660 [main] WARN  tk.mybatis.spring.mapper.ClassPathMapperScanner - No MyBatis mapper was found in '[com.ihealthink.reptile]' package. Please check your configuration.
2022-06-13 10:37:21.739 [main] WARN  org.mybatis.spring.mapper.ClassPathMapperScanner - No MyBatis mapper was found in '[com.ihealthink.reptile]' package. Please check your configuration.
2022-06-13 10:37:22.299 [main] WARN  o.s.b.w.s.c.AnnotationConfigServletWebServerApplicationContext - Exception encountered during context initialization - cancelling refresh attempt: org.springframework.beans.factory.UnsatisfiedDependencyException: Error creating bean with name 'analysisController' defined in file [D:\project\ks-reptile\ks-reptile-webapi\target\classes\com\ihealthink\reotile\api\AnalysisController.class]: Unsatisfied dependency expressed through constructor parameter 0; nested exception is org.springframework.beans.factory.NoSuchBeanDefinitionException: No qualifying bean of type 'com.ihealthink.reptile.service.AnalysisService' available: expected at least 1 bean which qualifies as autowire candidate. Dependency annotations: {}
2022-06-13 10:41:25.860 [main] WARN  tk.mybatis.spring.mapper.ClassPathMapperScanner - No MyBatis mapper was found in '[com.ihealthink.reptile.mapper]' package. Please check your configuration.
2022-06-13 10:41:25.943 [main] WARN  tk.mybatis.spring.mapper.ClassPathMapperScanner - No MyBatis mapper was found in '[com.ihealthink.reptile]' package. Please check your configuration.
2022-06-13 10:41:26.022 [main] WARN  org.mybatis.spring.mapper.ClassPathMapperScanner - No MyBatis mapper was found in '[com.ihealthink.reptile]' package. Please check your configuration.
2022-06-13 10:41:26.574 [main] WARN  o.s.b.w.s.c.AnnotationConfigServletWebServerApplicationContext - Exception encountered during context initialization - cancelling refresh attempt: org.springframework.beans.factory.UnsatisfiedDependencyException: Error creating bean with name 'analysisController' defined in file [D:\project\ks-reptile\ks-reptile-webapi\target\classes\com\ihealthink\reptile\api\AnalysisController.class]: Unsatisfied dependency expressed through constructor parameter 0; nested exception is org.springframework.beans.factory.NoSuchBeanDefinitionException: No qualifying bean of type 'com.ihealthink.reptile.service.AnalysisService' available: expected at least 1 bean which qualifies as autowire candidate. Dependency annotations: {}
2022-06-13 10:42:49.309 [main] WARN  tk.mybatis.spring.mapper.ClassPathMapperScanner - No MyBatis mapper was found in '[com.ihealthink.reptile.mapper]' package. Please check your configuration.
2022-06-13 10:42:49.400 [main] WARN  tk.mybatis.spring.mapper.ClassPathMapperScanner - No MyBatis mapper was found in '[com.ihealthink.reptile]' package. Please check your configuration.
2022-06-13 10:42:49.473 [main] WARN  org.mybatis.spring.mapper.ClassPathMapperScanner - No MyBatis mapper was found in '[com.ihealthink.reptile]' package. Please check your configuration.
2022-06-13 10:43:41.132 [main] WARN  tk.mybatis.spring.mapper.ClassPathMapperScanner - No MyBatis mapper was found in '[com.ihealthink.reptile.mapper]' package. Please check your configuration.
2022-06-13 10:43:41.230 [main] WARN  tk.mybatis.spring.mapper.ClassPathMapperScanner - No MyBatis mapper was found in '[com.ihealthink.reptile]' package. Please check your configuration.
2022-06-13 10:43:41.309 [main] WARN  org.mybatis.spring.mapper.ClassPathMapperScanner - No MyBatis mapper was found in '[com.ihealthink.reptile]' package. Please check your configuration.
2022-06-13 10:45:29.450 [main] WARN  tk.mybatis.spring.mapper.ClassPathMapperScanner - No MyBatis mapper was found in '[com.ihealthink.reptile.mapper]' package. Please check your configuration.
2022-06-13 10:45:29.541 [main] WARN  tk.mybatis.spring.mapper.ClassPathMapperScanner - No MyBatis mapper was found in '[com.ihealthink.reptile]' package. Please check your configuration.
2022-06-13 10:45:29.616 [main] WARN  org.mybatis.spring.mapper.ClassPathMapperScanner - No MyBatis mapper was found in '[com.ihealthink.reptile]' package. Please check your configuration.
2022-06-13 10:46:22.440 [main] WARN  tk.mybatis.spring.mapper.ClassPathMapperScanner - No MyBatis mapper was found in '[com.ihealthink.reptile.mapper]' package. Please check your configuration.
2022-06-13 10:46:22.532 [main] WARN  tk.mybatis.spring.mapper.ClassPathMapperScanner - No MyBatis mapper was found in '[com.ihealthink.reptile]' package. Please check your configuration.
2022-06-13 10:46:22.606 [main] WARN  org.mybatis.spring.mapper.ClassPathMapperScanner - No MyBatis mapper was found in '[com.ihealthink.reptile]' package. Please check your configuration.
2022-06-13 10:47:24.321 [main] WARN  tk.mybatis.spring.mapper.ClassPathMapperScanner - No MyBatis mapper was found in '[com.ihealthink.reptile.mapper]' package. Please check your configuration.
2022-06-13 10:47:24.414 [main] WARN  tk.mybatis.spring.mapper.ClassPathMapperScanner - No MyBatis mapper was found in '[com.ihealthink.reptile]' package. Please check your configuration.
2022-06-13 10:47:24.488 [main] WARN  org.mybatis.spring.mapper.ClassPathMapperScanner - No MyBatis mapper was found in '[com.ihealthink.reptile]' package. Please check your configuration.
2022-06-13 10:55:12.543 [main] WARN  tk.mybatis.spring.mapper.ClassPathMapperScanner - No MyBatis mapper was found in '[com.ihealthink.reptile.mapper]' package. Please check your configuration.
2022-06-13 10:55:12.636 [main] WARN  tk.mybatis.spring.mapper.ClassPathMapperScanner - No MyBatis mapper was found in '[com.ihealthink.reptile]' package. Please check your configuration.
2022-06-13 10:55:12.709 [main] WARN  org.mybatis.spring.mapper.ClassPathMapperScanner - No MyBatis mapper was found in '[com.ihealthink.reptile]' package. Please check your configuration.
2022-06-13 11:11:17.986 [main] WARN  tk.mybatis.spring.mapper.ClassPathMapperScanner - No MyBatis mapper was found in '[com.ihealthink.reptile.mapper]' package. Please check your configuration.
2022-06-13 11:11:18.084 [main] WARN  tk.mybatis.spring.mapper.ClassPathMapperScanner - No MyBatis mapper was found in '[com.ihealthink.reptile]' package. Please check your configuration.
2022-06-13 11:11:18.154 [main] WARN  org.mybatis.spring.mapper.ClassPathMapperScanner - No MyBatis mapper was found in '[com.ihealthink.reptile]' package. Please check your configuration.
2022-06-13 11:20:44.957 [main] WARN  tk.mybatis.spring.mapper.ClassPathMapperScanner - No MyBatis mapper was found in '[com.ihealthink.reptile.mapper]' package. Please check your configuration.
2022-06-13 11:20:45.048 [main] WARN  tk.mybatis.spring.mapper.ClassPathMapperScanner - No MyBatis mapper was found in '[com.ihealthink.reptile]' package. Please check your configuration.
2022-06-13 11:20:45.121 [main] WARN  org.mybatis.spring.mapper.ClassPathMapperScanner - No MyBatis mapper was found in '[com.ihealthink.reptile]' package. Please check your configuration.
2022-06-13 11:22:13.237 [main] WARN  tk.mybatis.spring.mapper.ClassPathMapperScanner - No MyBatis mapper was found in '[com.ihealthink.reptile.mapper]' package. Please check your configuration.
2022-06-13 11:22:13.332 [main] WARN  tk.mybatis.spring.mapper.ClassPathMapperScanner - No MyBatis mapper was found in '[com.ihealthink.reptile]' package. Please check your configuration.
2022-06-13 11:22:13.410 [main] WARN  org.mybatis.spring.mapper.ClassPathMapperScanner - No MyBatis mapper was found in '[com.ihealthink.reptile]' package. Please check your configuration.
2022-06-13 11:25:34.129 [main] WARN  tk.mybatis.spring.mapper.ClassPathMapperScanner - No MyBatis mapper was found in '[com.ihealthink.reptile.mapper]' package. Please check your configuration.
2022-06-13 11:25:34.221 [main] WARN  tk.mybatis.spring.mapper.ClassPathMapperScanner - No MyBatis mapper was found in '[com.ihealthink.reptile]' package. Please check your configuration.
2022-06-13 11:25:34.296 [main] WARN  org.mybatis.spring.mapper.ClassPathMapperScanner - No MyBatis mapper was found in '[com.ihealthink.reptile]' package. Please check your configuration.
2022-06-13 11:27:37.113 [main] WARN  tk.mybatis.spring.mapper.ClassPathMapperScanner - No MyBatis mapper was found in '[com.ihealthink.reptile.mapper]' package. Please check your configuration.
2022-06-13 11:27:37.210 [main] WARN  tk.mybatis.spring.mapper.ClassPathMapperScanner - No MyBatis mapper was found in '[com.ihealthink.reptile]' package. Please check your configuration.
2022-06-13 11:27:37.288 [main] WARN  org.mybatis.spring.mapper.ClassPathMapperScanner - No MyBatis mapper was found in '[com.ihealthink.reptile]' package. Please check your configuration.
2022-06-13 11:47:37.550 [main] WARN  tk.mybatis.spring.mapper.ClassPathMapperScanner - No MyBatis mapper was found in '[com.ihealthink.reptile.mapper]' package. Please check your configuration.
2022-06-13 11:47:37.644 [main] WARN  tk.mybatis.spring.mapper.ClassPathMapperScanner - No MyBatis mapper was found in '[com.ihealthink.reptile]' package. Please check your configuration.
2022-06-13 11:47:37.714 [main] WARN  org.mybatis.spring.mapper.ClassPathMapperScanner - No MyBatis mapper was found in '[com.ihealthink.reptile]' package. Please check your configuration.
2022-06-13 13:51:36.977 [main] WARN  tk.mybatis.spring.mapper.ClassPathMapperScanner - No MyBatis mapper was found in '[com.ihealthink.reptile.mapper]' package. Please check your configuration.
2022-06-13 13:51:37.071 [main] WARN  tk.mybatis.spring.mapper.ClassPathMapperScanner - No MyBatis mapper was found in '[com.ihealthink.reptile]' package. Please check your configuration.
2022-06-13 13:51:37.145 [main] WARN  org.mybatis.spring.mapper.ClassPathMapperScanner - No MyBatis mapper was found in '[com.ihealthink.reptile]' package. Please check your configuration.
2022-06-13 13:53:30.569 [main] WARN  tk.mybatis.spring.mapper.ClassPathMapperScanner - No MyBatis mapper was found in '[com.ihealthink.reptile.mapper]' package. Please check your configuration.
2022-06-13 13:53:30.660 [main] WARN  tk.mybatis.spring.mapper.ClassPathMapperScanner - No MyBatis mapper was found in '[com.ihealthink.reptile]' package. Please check your configuration.
2022-06-13 13:53:30.736 [main] WARN  org.mybatis.spring.mapper.ClassPathMapperScanner - No MyBatis mapper was found in '[com.ihealthink.reptile]' package. Please check your configuration.
2022-06-13 14:48:46.063 [main] WARN  tk.mybatis.spring.mapper.ClassPathMapperScanner - No MyBatis mapper was found in '[com.ihealthink.reptile.mapper]' package. Please check your configuration.
2022-06-13 14:48:46.155 [main] WARN  tk.mybatis.spring.mapper.ClassPathMapperScanner - No MyBatis mapper was found in '[com.ihealthink.reptile]' package. Please check your configuration.
2022-06-13 14:48:46.233 [main] WARN  org.mybatis.spring.mapper.ClassPathMapperScanner - No MyBatis mapper was found in '[com.ihealthink.reptile]' package. Please check your configuration.
2022-06-13 15:14:29.145 [main] WARN  tk.mybatis.spring.mapper.ClassPathMapperScanner - No MyBatis mapper was found in '[com.ihealthink.reptile.mapper]' package. Please check your configuration.
2022-06-13 15:14:29.250 [main] WARN  tk.mybatis.spring.mapper.ClassPathMapperScanner - No MyBatis mapper was found in '[com.ihealthink.reptile]' package. Please check your configuration.
2022-06-13 15:14:29.330 [main] WARN  org.mybatis.spring.mapper.ClassPathMapperScanner - No MyBatis mapper was found in '[com.ihealthink.reptile]' package. Please check your configuration.
2022-06-13 15:15:04.832 [main] WARN  tk.mybatis.spring.mapper.ClassPathMapperScanner - No MyBatis mapper was found in '[com.ihealthink.reptile.mapper]' package. Please check your configuration.
2022-06-13 15:15:04.933 [main] WARN  tk.mybatis.spring.mapper.ClassPathMapperScanner - No MyBatis mapper was found in '[com.ihealthink.reptile]' package. Please check your configuration.
2022-06-13 15:15:05.019 [main] WARN  org.mybatis.spring.mapper.ClassPathMapperScanner - No MyBatis mapper was found in '[com.ihealthink.reptile]' package. Please check your configuration.
2022-06-13 15:18:37.728 [main] WARN  tk.mybatis.spring.mapper.ClassPathMapperScanner - No MyBatis mapper was found in '[com.ihealthink.reptile.mapper]' package. Please check your configuration.
2022-06-13 15:18:37.817 [main] WARN  tk.mybatis.spring.mapper.ClassPathMapperScanner - No MyBatis mapper was found in '[com.ihealthink.reptile]' package. Please check your configuration.
2022-06-13 15:18:37.890 [main] WARN  org.mybatis.spring.mapper.ClassPathMapperScanner - No MyBatis mapper was found in '[com.ihealthink.reptile]' package. Please check your configuration.
2022-06-13 15:19:57.882 [main] WARN  tk.mybatis.spring.mapper.ClassPathMapperScanner - No MyBatis mapper was found in '[com.ihealthink.reptile.mapper]' package. Please check your configuration.
2022-06-13 15:19:57.972 [main] WARN  tk.mybatis.spring.mapper.ClassPathMapperScanner - No MyBatis mapper was found in '[com.ihealthink.reptile]' package. Please check your configuration.
2022-06-13 15:19:58.048 [main] WARN  org.mybatis.spring.mapper.ClassPathMapperScanner - No MyBatis mapper was found in '[com.ihealthink.reptile]' package. Please check your configuration.
2022-06-13 15:20:11.395 [main] WARN  tk.mybatis.spring.mapper.ClassPathMapperScanner - No MyBatis mapper was found in '[com.ihealthink.reptile.mapper]' package. Please check your configuration.
2022-06-13 15:20:11.483 [main] WARN  tk.mybatis.spring.mapper.ClassPathMapperScanner - No MyBatis mapper was found in '[com.ihealthink.reptile]' package. Please check your configuration.
2022-06-13 15:20:11.558 [main] WARN  org.mybatis.spring.mapper.ClassPathMapperScanner - No MyBatis mapper was found in '[com.ihealthink.reptile]' package. Please check your configuration.
2022-06-13 15:37:31.723 [main] WARN  tk.mybatis.spring.mapper.ClassPathMapperScanner - No MyBatis mapper was found in '[com.ihealthink.reptile.mapper]' package. Please check your configuration.
2022-06-13 15:37:31.815 [main] WARN  tk.mybatis.spring.mapper.ClassPathMapperScanner - No MyBatis mapper was found in '[com.ihealthink.reptile]' package. Please check your configuration.
2022-06-13 15:37:31.896 [main] WARN  org.mybatis.spring.mapper.ClassPathMapperScanner - No MyBatis mapper was found in '[com.ihealthink.reptile]' package. Please check your configuration.
2022-06-13 16:05:34.386 [main] WARN  tk.mybatis.spring.mapper.ClassPathMapperScanner - No MyBatis mapper was found in '[com.ihealthink.reptile.mapper]' package. Please check your configuration.
2022-06-13 16:05:34.485 [main] WARN  tk.mybatis.spring.mapper.ClassPathMapperScanner - No MyBatis mapper was found in '[com.ihealthink.reptile]' package. Please check your configuration.
2022-06-13 16:05:34.560 [main] WARN  org.mybatis.spring.mapper.ClassPathMapperScanner - No MyBatis mapper was found in '[com.ihealthink.reptile]' package. Please check your configuration.
2022-06-13 16:07:02.484 [main] WARN  tk.mybatis.spring.mapper.ClassPathMapperScanner - No MyBatis mapper was found in '[com.ihealthink.reptile.mapper]' package. Please check your configuration.
2022-06-13 16:07:02.576 [main] WARN  tk.mybatis.spring.mapper.ClassPathMapperScanner - No MyBatis mapper was found in '[com.ihealthink.reptile]' package. Please check your configuration.
2022-06-13 16:07:02.652 [main] WARN  org.mybatis.spring.mapper.ClassPathMapperScanner - No MyBatis mapper was found in '[com.ihealthink.reptile]' package. Please check your configuration.
2022-06-13 16:09:48.462 [main] WARN  tk.mybatis.spring.mapper.ClassPathMapperScanner - No MyBatis mapper was found in '[com.ihealthink.reptile.mapper]' package. Please check your configuration.
2022-06-13 16:09:48.556 [main] WARN  tk.mybatis.spring.mapper.ClassPathMapperScanner - No MyBatis mapper was found in '[com.ihealthink.reptile]' package. Please check your configuration.
2022-06-13 16:09:48.666 [main] WARN  org.mybatis.spring.mapper.ClassPathMapperScanner - No MyBatis mapper was found in '[com.ihealthink.reptile]' package. Please check your configuration.
2022-06-13 16:10:45.963 [main] WARN  tk.mybatis.spring.mapper.ClassPathMapperScanner - No MyBatis mapper was found in '[com.ihealthink.reptile.mapper]' package. Please check your configuration.
2022-06-13 16:10:46.061 [main] WARN  tk.mybatis.spring.mapper.ClassPathMapperScanner - No MyBatis mapper was found in '[com.ihealthink.reptile]' package. Please check your configuration.
2022-06-13 16:10:46.138 [main] WARN  org.mybatis.spring.mapper.ClassPathMapperScanner - No MyBatis mapper was found in '[com.ihealthink.reptile]' package. Please check your configuration.
2022-06-13 16:16:02.543 [main] WARN  tk.mybatis.spring.mapper.ClassPathMapperScanner - No MyBatis mapper was found in '[com.ihealthink.reptile.mapper]' package. Please check your configuration.
2022-06-13 16:16:02.633 [main] WARN  tk.mybatis.spring.mapper.ClassPathMapperScanner - No MyBatis mapper was found in '[com.ihealthink.reptile]' package. Please check your configuration.
2022-06-13 16:16:02.706 [main] WARN  org.mybatis.spring.mapper.ClassPathMapperScanner - No MyBatis mapper was found in '[com.ihealthink.reptile]' package. Please check your configuration.
2022-06-13 16:40:43.240 [main] WARN  tk.mybatis.spring.mapper.ClassPathMapperScanner - No MyBatis mapper was found in '[com.ihealthink.reptile.mapper]' package. Please check your configuration.
2022-06-13 16:40:43.330 [main] WARN  tk.mybatis.spring.mapper.ClassPathMapperScanner - No MyBatis mapper was found in '[com.ihealthink.reptile]' package. Please check your configuration.
2022-06-13 16:40:43.404 [main] WARN  org.mybatis.spring.mapper.ClassPathMapperScanner - No MyBatis mapper was found in '[com.ihealthink.reptile]' package. Please check your configuration.
2022-06-13 16:41:51.854 [http-nio-8088-exec-1] WARN  com.itextpdf.layout.renderer.TableWidths - Table width is more than expected due to min width of cell(s).
2022-06-13 16:41:51.867 [http-nio-8088-exec-1] WARN  com.itextpdf.layout.renderer.TableWidths - Table width is more than expected due to min width of cell(s).
2022-06-13 16:41:56.069 [http-nio-8088-exec-1] WARN  com.itextpdf.layout.renderer.TableRenderer - Last row is not completed. Table bottom border may collapse as you do not expect it
2022-06-13 16:41:57.074 [http-nio-8088-exec-1] WARN  com.itextpdf.layout.renderer.TableRenderer - Last row is not completed. Table bottom border may collapse as you do not expect it
2022-06-13 16:41:57.462 [http-nio-8088-exec-1] WARN  com.itextpdf.layout.renderer.TableRenderer - Last row is not completed. Table bottom border may collapse as you do not expect it
2022-06-13 16:41:57.597 [http-nio-8088-exec-1] WARN  com.itextpdf.layout.renderer.AbstractRenderer - The background rectangle has negative or zero sizes. It will not be displayed.
2022-06-13 16:41:57.818 [http-nio-8088-exec-1] WARN  com.itextpdf.layout.renderer.AbstractRenderer - The background rectangle has negative or zero sizes. It will not be displayed.
2022-06-13 16:41:57.907 [http-nio-8088-exec-1] WARN  com.itextpdf.layout.renderer.AbstractRenderer - The background rectangle has negative or zero sizes. It will not be displayed.
2022-06-13 16:41:57.995 [http-nio-8088-exec-1] WARN  com.itextpdf.layout.renderer.TableRenderer - Last row is not completed. Table bottom border may collapse as you do not expect it
2022-06-13 16:41:58.647 [http-nio-8088-exec-1] WARN  com.itextpdf.layout.renderer.TableRenderer - Last row is not completed. Table bottom border may collapse as you do not expect it
2022-06-13 16:41:58.903 [http-nio-8088-exec-1] WARN  com.itextpdf.layout.renderer.TableRenderer - Last row is not completed. Table bottom border may collapse as you do not expect it
2022-06-13 16:41:59.211 [http-nio-8088-exec-1] WARN  com.itextpdf.layout.renderer.AbstractRenderer - The background rectangle has negative or zero sizes. It will not be displayed.
2022-06-13 16:41:59.348 [http-nio-8088-exec-1] WARN  com.itextpdf.layout.renderer.AbstractRenderer - The background rectangle has negative or zero sizes. It will not be displayed.
2022-06-13 16:41:59.407 [http-nio-8088-exec-1] WARN  com.itextpdf.layout.renderer.AbstractRenderer - The background rectangle has negative or zero sizes. It will not be displayed.
2022-06-13 16:41:59.526 [http-nio-8088-exec-1] WARN  com.itextpdf.layout.renderer.TableRenderer - Last row is not completed. Table bottom border may collapse as you do not expect it
2022-06-13 16:41:59.831 [http-nio-8088-exec-1] WARN  com.itextpdf.layout.renderer.TableRenderer - Last row is not completed. Table bottom border may collapse as you do not expect it
2022-06-13 16:42:00.495 [http-nio-8088-exec-1] WARN  com.itextpdf.layout.renderer.TableRenderer - Last row is not completed. Table bottom border may collapse as you do not expect it
2022-06-13 16:42:00.807 [http-nio-8088-exec-1] WARN  com.itextpdf.layout.renderer.AbstractRenderer - The background rectangle has negative or zero sizes. It will not be displayed.
2022-06-13 16:42:00.876 [http-nio-8088-exec-1] WARN  com.itextpdf.layout.renderer.AbstractRenderer - The background rectangle has negative or zero sizes. It will not be displayed.
2022-06-13 16:42:01.030 [http-nio-8088-exec-1] WARN  com.itextpdf.layout.renderer.AbstractRenderer - The background rectangle has negative or zero sizes. It will not be displayed.
2022-06-13 16:42:01.136 [http-nio-8088-exec-1] WARN  com.itextpdf.layout.renderer.TableRenderer - Last row is not completed. Table bottom border may collapse as you do not expect it
2022-06-13 16:42:01.522 [http-nio-8088-exec-1] WARN  com.itextpdf.layout.renderer.TableRenderer - Last row is not completed. Table bottom border may collapse as you do not expect it
2022-06-13 16:42:02.021 [http-nio-8088-exec-1] WARN  com.itextpdf.layout.renderer.TableRenderer - Last row is not completed. Table bottom border may collapse as you do not expect it
2022-06-13 16:42:02.407 [http-nio-8088-exec-1] WARN  com.itextpdf.layout.renderer.AbstractRenderer - The background rectangle has negative or zero sizes. It will not be displayed.
2022-06-13 16:42:02.886 [http-nio-8088-exec-1] WARN  com.itextpdf.layout.renderer.TableRenderer - Last row is not completed. Table bottom border may collapse as you do not expect it
2022-06-13 16:42:03.312 [http-nio-8088-exec-1] WARN  com.itextpdf.layout.renderer.TableRenderer - Last row is not completed. Table bottom border may collapse as you do not expect it
2022-06-13 16:42:03.637 [http-nio-8088-exec-1] WARN  com.itextpdf.layout.renderer.TableRenderer - Last row is not completed. Table bottom border may collapse as you do not expect it
2022-06-13 16:43:36.280 [main] WARN  tk.mybatis.spring.mapper.ClassPathMapperScanner - No MyBatis mapper was found in '[com.ihealthink.reptile.mapper]' package. Please check your configuration.
2022-06-13 16:43:36.375 [main] WARN  tk.mybatis.spring.mapper.ClassPathMapperScanner - No MyBatis mapper was found in '[com.ihealthink.reptile]' package. Please check your configuration.
2022-06-13 16:43:36.455 [main] WARN  org.mybatis.spring.mapper.ClassPathMapperScanner - No MyBatis mapper was found in '[com.ihealthink.reptile]' package. Please check your configuration.
2022-06-13 16:45:29.841 [main] WARN  tk.mybatis.spring.mapper.ClassPathMapperScanner - No MyBatis mapper was found in '[com.ihealthink.reptile.mapper]' package. Please check your configuration.
2022-06-13 16:45:29.943 [main] WARN  tk.mybatis.spring.mapper.ClassPathMapperScanner - No MyBatis mapper was found in '[com.ihealthink.reptile]' package. Please check your configuration.
2022-06-13 16:45:30.017 [main] WARN  org.mybatis.spring.mapper.ClassPathMapperScanner - No MyBatis mapper was found in '[com.ihealthink.reptile]' package. Please check your configuration.
2022-06-13 17:03:56.922 [main] WARN  tk.mybatis.spring.mapper.ClassPathMapperScanner - No MyBatis mapper was found in '[com.ihealthink.reptile.mapper]' package. Please check your configuration.
2022-06-13 17:03:57.012 [main] WARN  tk.mybatis.spring.mapper.ClassPathMapperScanner - No MyBatis mapper was found in '[com.ihealthink.reptile]' package. Please check your configuration.
2022-06-13 17:03:57.085 [main] WARN  org.mybatis.spring.mapper.ClassPathMapperScanner - No MyBatis mapper was found in '[com.ihealthink.reptile]' package. Please check your configuration.
